0 verbose cli /usr/local/bin/node /usr/local/bin/npm
1 info using npm@10.8.2
2 info using node@v20.19.1
3 silly config load:file:/usr/local/lib/node_modules/npm/npmrc
4 silly config load:file:/home/project/.npmrc
5 silly config load:file:/home/.npmrc
6 silly config load:file:/usr/local/etc/npmrc
7 verbose title npm install
8 verbose argv "install"
9 verbose logfile logs-max:10 dir:/home/project/.npm-cache/_logs/2025-07-07T23_40_23_550Z-
10 verbose logfile /home/project/.npm-cache/_logs/2025-07-07T23_40_23_550Z-debug-0.log
11 silly packumentCache heap:9007199254740991 maxSize:2251799813685247 maxEntrySize:1125899906842623
12 silly logfile done cleaning log files
13 silly idealTree buildDeps
14 silly reify moves {}
15 verbose reify failed optional dependency /home/project/node_modules/rollup/node_modules/@rollup/rollup-win32-x64-msvc
16 silly reify mark deleted [
16 silly reify   '/home/project/node_modules/rollup/node_modules/@rollup/rollup-win32-x64-msvc'
16 silly reify ]
17 verbose reify failed optional dependency /home/project/node_modules/fsevents
18 silly reify mark deleted [ '/home/project/node_modules/fsevents' ]
19 verbose reify failed optional dependency /home/project/node_modules/esbuild/node_modules/@esbuild/win32-x64
20 silly reify mark deleted [
20 silly reify   '/home/project/node_modules/esbuild/node_modules/@esbuild/win32-x64'
20 silly reify ]
